F:\P\PROJECTS\RESTFRAMEWORK\RESTFRAMEWORK\CSOCKETS\CSOCKETS\CSOCKETS\DEBUG\SOCKET.OBJ
F:\P\PROJECTS\RESTFRAMEWORK\RESTFRAMEWORK\CSOCKETS\CSOCKETS\CSOCKETS\DEBUG\MAIN.OBJ
F:\P\PROJECTS\RESTFRAMEWORK\RESTFRAMEWORK\CSOCKETS\CSOCKETS\CSOCKETS\DEBUG\VC110.PDB
F:\P\PROJECTS\RESTFRAMEWORK\RESTFRAMEWORK\CSOCKETS\CSOCKETS\CSOCKETS\DEBUG\.NETFRAMEWORK,VERSION=V4.0.ASSEMBLYATTRIBUTES.OBJ
F:\P\PROJECTS\RESTFRAMEWORK\RESTFRAMEWORK\DEBUG\CSOCKETS.ILK
F:\P\PROJECTS\RESTFRAMEWORK\RESTFRAMEWORK\DEBUG\CSOCKETS.DLL
F:\P\PROJECTS\RESTFRAMEWORK\RESTFRAMEWORK\DEBUG\CSOCKETS.PDB
F:\P\projects\RestFramework\RestFramework\CSockets\CSockets\CSockets\Debug\CSockets.vcxprojResolveAssemblyReference.cache
F:\P\projects\RestFramework\RestFramework\CSockets\CSockets\CSockets\Debug\.NETFramework,Version=v4.0.AssemblyAttributes.obj
F:\P\projects\RestFramework\RestFramework\CSockets\CSockets\CSockets\Debug\main.obj
F:\P\projects\RestFramework\RestFramework\CSockets\CSockets\CSockets\Debug\Socket.obj
F:\P\projects\RestFramework\RestFramework\CSockets\CSockets\CSockets\Debug\cl.command.1.tlog
F:\P\projects\RestFramework\RestFramework\CSockets\CSockets\CSockets\Debug\CL.read.1.tlog
F:\P\projects\RestFramework\RestFramework\CSockets\CSockets\CSockets\Debug\CL.write.1.tlog
F:\P\projects\RestFramework\RestFramework\CSockets\CSockets\CSockets\Debug\link.15120-cvtres.read.1.tlog
F:\P\projects\RestFramework\RestFramework\CSockets\CSockets\CSockets\Debug\link.15120-cvtres.write.1.tlog
F:\P\projects\RestFramework\RestFramework\CSockets\CSockets\CSockets\Debug\link.15120-rc.read.1.tlog
F:\P\projects\RestFramework\RestFramework\CSockets\CSockets\CSockets\Debug\link.15120-rc.write.1.tlog
F:\P\projects\RestFramework\RestFramework\CSockets\CSockets\CSockets\Debug\link.15120.read.1.tlog
F:\P\projects\RestFramework\RestFramework\CSockets\CSockets\CSockets\Debug\link.15120.write.1.tlog
F:\P\projects\RestFramework\RestFramework\CSockets\CSockets\CSockets\Debug\link.command.1.tlog
F:\P\projects\RestFramework\RestFramework\CSockets\CSockets\CSockets\Debug\link.read.1.tlog
F:\P\projects\RestFramework\RestFramework\CSockets\CSockets\CSockets\Debug\link.write.1.tlog
F:\P\projects\RestFramework\RestFramework\CSockets\CSockets\CSockets\Debug\metagen.read.1.tlog
F:\P\projects\RestFramework\RestFramework\CSockets\CSockets\CSockets\Debug\metagen.write.1.tlog
F:\P\projects\RestFramework\RestFramework\CSockets\CSockets\CSockets\Debug\vc110.pdb
F:\P\projects\RestFramework\RestFramework\CSockets\CSockets\CSockets\Debug\TZRES.DLL.bi
F:\P\projects\RestFramework\RestFramework\Debug\CSockets.pdb
F:\P\projects\RestFramework\RestFramework\Debug\CSockets.dll
F:\P\projects\RestFramework\RestFramework\Debug\CSockets.ilk
